<?xml version="1.0" encoding="UTF-8"?>
<testng-results skipped="0" failed="1" ignored="1" total="4" passed="2">
  <reporter-output>
  </reporter-output>
  <suite name="Suite" duration-ms="49889" started-at="2018-07-02T09:40:24Z" finished-at="2018-07-02T09:41:14Z">
    <groups>
    </groups>
    <test name="Default Test" duration-ms="49889" started-at="2018-07-02T09:40:24Z" finished-at="2018-07-02T09:41:14Z">
      <class name="com.demoaut.newtours.tests.RegisterUserTest">
        <test-method status="PASS" signature="openBrowser()[pri:0, instance:com.demoaut.newtours.tests.RegisterUserTest@148080bb]" name="openBrowser" is-config="true" duration-ms="6974" started-at="2018-07-02T15:10:25Z" finished-at="2018-07-02T15:10:32Z">
          <reporter-output>
          </reporter-output>
        </test-method> <!-- openBrowser -->
        <test-method status="FAIL" signature="registerUserWithCorrectCreds()[pri:0, instance:com.demoaut.newtours.tests.RegisterUserTest@148080bb]" name="registerUserWithCorrectCreds" duration-ms="20829" started-at="2018-07-02T15:10:32Z" finished-at="2018-07-02T15:10:52Z">
          <exception class="java.lang.AssertionError">
            <message>
              <![CDATA[expected [false] but found [true]]]>
            </message>
            <full-stacktrace>
              <![CDATA[java.lang.AssertionError: expected [false] but found [true]
	at org.testng.Assert.fail(Assert.java:93)
	at org.testng.Assert.failNotEquals(Assert.java:512)
	at org.testng.Assert.assertFalse(Assert.java:62)
	at org.testng.Assert.assertFalse(Assert.java:72)
	at com.demoaut.newtours.tests.RegisterUserTest.registerUserWithCorrectCreds(RegisterUserTest.java:37)
	at sun.reflect.NativeMethodAccessorImpl.invoke0(Native Method)
	at sun.reflect.NativeMethodAccessorImpl.invoke(Unknown Source)
	at sun.reflect.DelegatingMethodAccessorImpl.invoke(Unknown Source)
	at java.lang.reflect.Method.invoke(Unknown Source)
	at org.testng.internal.MethodInvocationHelper.invokeMethod(MethodInvocationHelper.java:108)
	at org.testng.internal.Invoker.invokeMethod(Invoker.java:661)
	at org.testng.internal.Invoker.invokeTestMethod(Invoker.java:869)
	at org.testng.internal.Invoker.invokeTestMethods(Invoker.java:1193)
	at org.testng.internal.TestMethodWorker.invokeTestMethods(TestMethodWorker.java:126)
	at org.testng.internal.TestMethodWorker.run(TestMethodWorker.java:109)
	at org.testng.TestRunner.privateRun(TestRunner.java:744)
	at org.testng.TestRunner.run(TestRunner.java:602)
	at org.testng.SuiteRunner.runTest(SuiteRunner.java:380)
	at org.testng.SuiteRunner.runSequentially(SuiteRunner.java:375)
	at org.testng.SuiteRunner.privateRun(SuiteRunner.java:340)
	at org.testng.SuiteRunner.run(SuiteRunner.java:289)
	at org.testng.SuiteRunnerWorker.runSuite(SuiteRunnerWorker.java:52)
	at org.testng.SuiteRunnerWorker.run(SuiteRunnerWorker.java:86)
	at org.testng.TestNG.runSuitesSequentially(TestNG.java:1301)
	at org.testng.TestNG.runSuitesLocally(TestNG.java:1226)
	at org.testng.TestNG.runSuites(TestNG.java:1144)
	at org.testng.TestNG.run(TestNG.java:1115)
	at org.testng.remote.AbstractRemoteTestNG.run(AbstractRemoteTestNG.java:114)
	at org.testng.remote.RemoteTestNG.initAndRun(RemoteTestNG.java:251)
	at org.testng.remote.RemoteTestNG.main(RemoteTestNG.java:77)
]]>
            </full-stacktrace>
          </exception> <!-- java.lang.AssertionError -->
          <reporter-output>
          </reporter-output>
        </test-method> <!-- registerUserWithCorrectCreds -->
        <test-method status="PASS" signature="registerUserWithIncorrectCreds()[pri:0, instance:com.demoaut.newtours.tests.RegisterUserTest@148080bb]" name="registerUserWithIncorrectCreds" duration-ms="2946" started-at="2018-07-02T15:10:53Z" finished-at="2018-07-02T15:10:56Z">
          <reporter-output>
          </reporter-output>
        </test-method> <!-- registerUserWithIncorrectCreds -->
        <test-method status="PASS" signature="closeBrowser()[pri:0, instance:com.demoaut.newtours.tests.RegisterUserTest@148080bb]" name="closeBrowser" is-config="true" duration-ms="177" started-at="2018-07-02T15:10:56Z" finished-at="2018-07-02T15:10:57Z">
          <reporter-output>
          </reporter-output>
        </test-method> <!-- closeBrowser -->
        <test-method status="PASS" signature="tearDown()[pri:0, instance:com.demoaut.newtours.tests.RegisterUserTest@148080bb]" name="tearDown" is-config="true" duration-ms="3846" started-at="2018-07-02T15:11:14Z" finished-at="2018-07-02T15:11:18Z">
          <reporter-output>
          </reporter-output>
        </test-method> <!-- tearDown -->
      </class> <!-- com.demoaut.newtours.tests.RegisterUserTest -->
      <class name="com.demoaut.newtours.tests.BookTicketsTest">
        <test-method status="PASS" signature="openBrowser()[pri:0, instance:com.demoaut.newtours.tests.BookTicketsTest@dc24521]" name="openBrowser" is-config="true" duration-ms="5753" started-at="2018-07-02T15:10:57Z" finished-at="2018-07-02T15:11:02Z">
          <reporter-output>
          </reporter-output>
        </test-method> <!-- openBrowser -->
        <test-method status="PASS" signature="registerUserWithCorrectCreds()[pri:0, instance:com.demoaut.newtours.tests.BookTicketsTest@dc24521]" name="registerUserWithCorrectCreds" duration-ms="11760" started-at="2018-07-02T15:11:02Z" finished-at="2018-07-02T15:11:14Z">
          <reporter-output>
          </reporter-output>
        </test-method> <!-- registerUserWithCorrectCreds -->
        <test-method status="PASS" signature="closeBrowser()[pri:0, instance:com.demoaut.newtours.tests.BookTicketsTest@dc24521]" name="closeBrowser" is-config="true" duration-ms="229" started-at="2018-07-02T15:11:14Z" finished-at="2018-07-02T15:11:14Z">
          <reporter-output>
          </reporter-output>
        </test-method> <!-- closeBrowser -->
      </class> <!-- com.demoaut.newtours.tests.BookTicketsTest -->
    </test> <!-- Default Test -->
  </suite> <!-- Suite -->
</testng-results>
