<?xml version="1.0" encoding="UTF-8"?>
<!-- Generated by org.testng.reporters.JUnitXMLReporter -->
<testsuite hostname="D1ML22830" ignored="1" name="Default Test" tests="3" failures="1" timestamp="02 Jul 2018 09:41:14 GMT" time="49.889" errors="0">
  <testcase name="registerUserWithCorrectCreds" time="20.829" classname="com.demoaut.newtours.tests.RegisterUserTest">
    <failure type="java.lang.AssertionError" message="expected [false] but found [true]">
      <![CDATA[java.lang.AssertionError: expected [false] but found [true]
	at com.demoaut.newtours.tests.RegisterUserTest.registerUserWithCorrectCreds(RegisterUserTest.java:37)
... Removed 29 stack frames]]>
    </failure>
  </testcase> <!-- registerUserWithCorrectCreds -->
  <testcase name="registerUserWithIncorrectCreds" time="2.946" classname="com.demoaut.newtours.tests.RegisterUserTest"/>
  <testcase name="registerUserWithCorrectCreds" time="11.76" classname="com.demoaut.newtours.tests.BookTicketsTest"/>
  <testcase name="@AfterSuite tearDown" time="0.0" classname="com.demoaut.newtours.tests.BaseTest">
    <ignored/>
  </testcase> <!-- @AfterSuite tearDown -->
</testsuite> <!-- Default Test -->
